<?xml version="1.0" encoding="UTF-8"?>
<!-- Generated by org.testng.reporters.JUnitReportReporter -->
<testsuite hostname="Vensis-MacBook-Pro.local" name="ntiboilers.MainScreenTest" tests="4" failures="0" timestamp="20 Jun 2016 18:38:49 GMT" time="6.404" errors="0">
  <testcase name="setPointsTab" time="0.289" classname="ntiboilers.MainScreenTest"/>
  <testcase name="mainScreenWidgetTest" time="1.165" classname="ntiboilers.MainScreenTest"/>
  <testcase name="pumpStatusTab" time="2.422" classname="ntiboilers.MainScreenTest"/>
  <testcase name="modulationTab" time="2.528" classname="ntiboilers.MainScreenTest"/>
</testsuite> <!-- ntiboilers.MainScreenTest -->
