<?xml version="1.0" encoding="UTF-8"?>
<!-- Generated by org.testng.reporters.JUnitReportReporter -->
<testsuite hostname="Vensis-MacBook-Pro.local" name="ntiboilers.Diagnostics" tests="4" failures="0" timestamp="22 Jun 2016 12:23:06 GMT" time="17.579" errors="0">
  <testcase name="burnerControlIO" time="6.699" classname="ntiboilers.Diagnostics"/>
  <testcase name="diagnostics" time="2.948" classname="ntiboilers.Diagnostics"/>
  <testcase name="testHome" time="4.798" classname="ntiboilers.Diagnostics"/>
  <testcase name="testBack" time="3.134" classname="ntiboilers.Diagnostics"/>
</testsuite> <!-- ntiboilers.Diagnostics -->
