<?xml version="1.0" encoding="UTF-8"?>
<!-- Generated by org.testng.reporters.JUnitReportReporter -->
<testsuite hostname="Vensis-MacBook-Pro.local" name="ntiboilers.Configure" tests="17" failures="0" timestamp="23 Jun 2016 18:23:44 GMT" time="106.114" errors="0">
  <testcase name="safetyLimits" time="4.615" classname="ntiboilers.Configure"/>
  <testcase name="statisticsConfiguration" time="5.711" classname="ntiboilers.Configure"/>
  <testcase name="frostProtectionConfiguration" time="5.195" classname="ntiboilers.Configure"/>
  <testcase name="dhwConfiguration" time="4.448" classname="ntiboilers.Configure"/>
  <testcase name="cascadeConfiguration" time="6.379" classname="ntiboilers.Configure"/>
  <testcase name="pumpConfiguration" time="16.653" classname="ntiboilers.Configure"/>
  <testcase name="modulationConfiguration" time="6.560" classname="ntiboilers.Configure"/>
  <testcase name="outdoorResetConfiguration" time="5.460" classname="ntiboilers.Configure"/>
  <testcase name="configureOnMain" time="4.436" classname="ntiboilers.Configure"/>
  <testcase name="wifiConfiguration" time="7.145" classname="ntiboilers.Configure"/>
  <testcase name="burnerContol" time="5.055" classname="ntiboilers.Configure"/>
  <testcase name="centralHeatConfiguration" time="4.668" classname="ntiboilers.Configure"/>
  <testcase name="systemConfiguration" time="5.161" classname="ntiboilers.Configure"/>
  <testcase name="systemIdentificationAccess" time="5.345" classname="ntiboilers.Configure"/>
  <testcase name="sensorConfiguration" time="4.597" classname="ntiboilers.Configure"/>
  <testcase name="wwsConfiguration" time="5.977" classname="ntiboilers.Configure"/>
  <testcase name="displayConfiguration" time="8.709" classname="ntiboilers.Configure"/>
</testsuite> <!-- ntiboilers.Configure -->
