<?xml version="1.0" encoding="UTF-8"?>
<!-- Generated by org.testng.reporters.JUnitReportReporter -->
<testsuite hostname="Vensis-MacBook-Pro.local" name="ntiboilers.Details" tests="4" failures="0" timestamp="20 Jun 2016 18:39:28 GMT" time="9.803" errors="0">
  <testcase name="getAllValues" time="1.411" classname="ntiboilers.Details"/>
  <testcase name="testBack" time="1.479" classname="ntiboilers.Details"/>
  <testcase name="testHome" time="3.133" classname="ntiboilers.Details"/>
  <testcase name="details" time="3.780" classname="ntiboilers.Details"/>
</testsuite> <!-- ntiboilers.Details -->
