<?xml version="1.0" encoding="UTF-8"?>
<!-- Generated by org.testng.reporters.JUnitReportReporter -->
<testsuite hostname="Vensis-MacBook-Pro.local" name="ntiboilers.History" tests="4" failures="0" timestamp="22 Jun 2016 10:58:46 GMT" time="5.978" errors="0">
  <testcase name="getInfoFromScreen" time="0.669" classname="ntiboilers.History"/>
  <testcase name="history" time="2.720" classname="ntiboilers.History"/>
  <testcase name="testHome" time="1.639" classname="ntiboilers.History"/>
  <testcase name="testBack" time="0.950" classname="ntiboilers.History"/>
</testsuite> <!-- ntiboilers.History -->
