<?xml version="1.0" encoding="UTF-8"?>
<!-- Generated by org.testng.reporters.JUnitReportReporter -->
<testsuite hostname="Vensis-MacBook-Pro.local" name="ntiboilers.LaunchTest" tests="4" failures="0" timestamp="2 Jun 2016 12:43:34 GMT" time="0.046" errors="0">
  <testcase name="f" time="0.013" classname="ntiboilers.LaunchTest"/>
  <testcase name="f4" time="0.004" classname="ntiboilers.LaunchTest"/>
  <testcase name="f2" time="0.012" classname="ntiboilers.LaunchTest"/>
  <testcase name="f3" time="0.017" classname="ntiboilers.LaunchTest"/>
</testsuite> <!-- ntiboilers.LaunchTest -->
