<?xml version="1.0" encoding="UTF-8"?>
<!-- Generated by org.testng.reporters.JUnitReportReporter -->
<testsuite hostname="Vensis-MacBook-Pro.local" name="ntiboilers.LeadLag" tests="4" failures="0" timestamp="9 Jun 2016 14:40:22 GMT" time="14.423" errors="0">
  <testcase name="leadLag" time="2.723" classname="ntiboilers.LeadLag"/>
  <testcase name="testBack" time="4.906" classname="ntiboilers.LeadLag"/>
  <testcase name="clickBoilerImage" time="1.571" classname="ntiboilers.LeadLag"/>
  <testcase name="testHome" time="5.223" classname="ntiboilers.LeadLag"/>
</testsuite> <!-- ntiboilers.LeadLag -->
